<?xml version="1.0" encoding="UTF-8"?>
<Site BuildName="(empty)"
	BuildStamp="20210313-1832-Experimental"
	Name="(empty)"
	Generator="ctest-3.19.0-rc3"
	CompilerName=""
	CompilerVersion=""
	OSName="Windows"
	Hostname="PC-du-Futur"
	OSRelease=" Professional"
	OSVersion=" (Build 17763)"
	OSPlatform="AMD64"
	Is64Bits="1"
	VendorString="AuthenticAMD"
	VendorID="Advanced Micro Devices"
	FamilyID="15"
	ModelID="1"
	ProcessorCacheSize="64"
	NumberOfLogicalCPU="16"
	NumberOfPhysicalCPU="8"
	TotalVirtualMemory="37584"
	TotalPhysicalMemory="32720"
	LogicalProcessorsPerPhysical="2"
	ProcessorClockFrequency="3600"
	>
	<Testing>
		<StartDateTime>Mar 13 21:06 Paris, Madrid</StartDateTime>
		<StartTestTime>1615666004</StartTestTime>
		<TestList>
			<Test>./LexerGenerator_test</Test>
		</TestList>
		<Test Status="failed">
			<Name>LexerGenerator_test</Name>
			<Path>.</Path>
			<FullName>./LexerGenerator_test</FullName>
			<FullCommandLine>G:\prog_perso\C++\LexerGenerator\build\TestBuild.exe</FullCommandLine>
			<Results>
				<NamedMeasurement type="text/string" name="Exit Code">
					<Value>Failed</Value>
				</NamedMeasurement>
				<NamedMeasurement type="text/string" name="Exit Value">
					<Value>1</Value>
				</NamedMeasurement>
				<NamedMeasurement type="numeric/double" name="Execution Time">
					<Value>0.0130202</Value>
				</NamedMeasurement>
				<NamedMeasurement type="numeric/double" name="Processors">
					<Value>1</Value>
				</NamedMeasurement>
				<NamedMeasurement type="text/string" name="Completion Status">
					<Value>Completed</Value>
				</NamedMeasurement>
				<NamedMeasurement type="text/string" name="Command Line">
					<Value>G:\prog_perso\C++\LexerGenerator\build\TestBuild.exe</Value>
				</NamedMeasurement>
				<NamedMeasurement type="text/string" name="Environment">
					<Value>#CTEST_RESOURCE_GROUP_COUNT=</Value>
				</NamedMeasurement>
				<Measurement>
					<Value encoding="base64" compression="gzip">eJytVNtuGjEQffdXjPYJlLJqmkhVVuoDDZfSEJKykLRlUWR2B3DrtR3by6Vf371ElK1UuoXOkz0+PjNzxp5hIgQTC4gpE7U6zLWMoesFSsvFk0JtZHB9dhb0cYO6iwI1tVIHs4TxKFhIueBo0diG0eHeNsi32eopo3XDkEze7WwKw5eYbyHDmCLoeb4BkzCLLpk0djaFLpczyotzFCumpYhRpFi0jUT9Bi6R+ixWHFud5ij1kQkMxwPIbVo+cjFWdutbnaaVwgq7uzkEg9priE39EGlv7ltqMcv1EOkerAJpR+pKrPu4CrQPVDM64zigMfbR2rT1fblGTf76GIqOl8hCpbw3lx50KOOJRtLeKAwtRoDPCeXMbkHOwS7RIKwoT9B4BIC6t9SGqbPm0FkY4XyxZN++81hI9ayNTVbrzfaHUydZ9o9LFi6BGQ8cJ3U4LHIyLTrNXr/dql7ccbqMlTpFl6vjdWm+v261O90PvY83/du7wf2noT8aPzx+/vL1v+mSF/ePuhytxcUJb2RF9fnpVVf5xSKNz6K80EO/+BdsR1ptLhVwsNJSXifVRp9FqhuRXIvyZP3jRAVNhVsOlNZy3/T9QqHL4qJb1u2i8L4CzkzWmhlyufaO+WnHvMKqdwhJE30Bjtr+yCc/ASLzNB4=</Value>
				</Measurement>
			</Results>
		</Test>
		<EndDateTime>Mar 13 21:06 Paris, Madrid</EndDateTime>
		<EndTestTime>1615666004</EndTestTime>
		<ElapsedMinutes>0</ElapsedMinutes>
	</Testing>
</Site>
